c:\users\filip\onedrive\pulpit\studia\semestr_4\grafika\lab\lab 5\pl_szkielet_04_win\debug\vc142.pdb
c:\users\filip\onedrive\pulpit\studia\semestr_4\grafika\lab\lab 5\pl_szkielet_04_win\debug\vc142.idb
c:\users\filip\onedrive\pulpit\studia\semestr_4\grafika\lab\lab 5\pl_szkielet_04_win\debug\shaderprogram.obj
c:\users\filip\onedrive\pulpit\studia\semestr_4\grafika\lab\lab 5\pl_szkielet_04_win\debug\main_file.obj
c:\users\filip\onedrive\pulpit\studia\semestr_4\grafika\lab\lab 5\pl_szkielet_04_win\debug\lodepng.obj
c:\users\filip\onedrive\pulpit\studia\semestr_4\grafika\nowy folder\pl_szkielet_04_win\debug\vc142.pdb
c:\users\filip\onedrive\pulpit\studia\semestr_4\grafika\nowy folder\pl_szkielet_04_win\debug\vc142.idb
c:\users\filip\onedrive\pulpit\studia\semestr_4\grafika\nowy folder\pl_szkielet_04_win\debug\shaderprogram.obj
c:\users\filip\onedrive\pulpit\studia\semestr_4\grafika\nowy folder\pl_szkielet_04_win\debug\main_file.obj
c:\users\filip\onedrive\pulpit\studia\semestr_4\grafika\nowy folder\pl_szkielet_04_win\debug\lodepng.obj
c:\users\filip\onedrive\pulpit\studia\semestr_4\grafika\lab\lab 5\pl_szkielet_04_win\debug\pl_szkielet_04_win.exe
c:\users\filip\onedrive\pulpit\studia\semestr_4\grafika\lab\lab 5\pl_szkielet_04_win\debug\pl_szkielet_04_win.ilk
c:\users\filip\onedrive\pulpit\studia\semestr_4\grafika\lab\lab 5\pl_szkielet_04_win\debug\pl_szkielet_04_win.pdb
c:\users\filip\onedrive\pulpit\studia\semestr_4\grafika\nowy folder\pl_szkielet_04_win\debug\pl_szkielet_04_win.exe
c:\users\filip\onedrive\pulpit\studia\semestr_4\grafika\nowy folder\pl_szkielet_04_win\debug\pl_szkielet_04_win.ilk
c:\users\filip\onedrive\pulpit\studia\semestr_4\grafika\nowy folder\pl_szkielet_04_win\debug\pl_szkielet_04_win.pdb
c:\users\filip\onedrive\pulpit\studia\semestr_4\grafika\nowy folder\pl_szkielet_04_win\debug\pl_szkie.7288c82c.tlog\cl.command.1.tlog
c:\users\filip\onedrive\pulpit\studia\semestr_4\grafika\nowy folder\pl_szkielet_04_win\debug\pl_szkie.7288c82c.tlog\cl.read.1.tlog
c:\users\filip\onedrive\pulpit\studia\semestr_4\grafika\nowy folder\pl_szkielet_04_win\debug\pl_szkie.7288c82c.tlog\cl.write.1.tlog
c:\users\filip\onedrive\pulpit\studia\semestr_4\grafika\nowy folder\pl_szkielet_04_win\debug\pl_szkie.7288c82c.tlog\link.command.1.tlog
c:\users\filip\onedrive\pulpit\studia\semestr_4\grafika\nowy folder\pl_szkielet_04_win\debug\pl_szkie.7288c82c.tlog\link.read.1.tlog
c:\users\filip\onedrive\pulpit\studia\semestr_4\grafika\nowy folder\pl_szkielet_04_win\debug\pl_szkie.7288c82c.tlog\link.write.1.tlog
